{"message":"我是测试数据","keyword":"红烧肉","keystatus":1,"urlstatus":1,"cityname":"天津","level":"info","timestamp":"2017-11-25T12:16:14.232Z"}
{"message":"我是测试数据","keyword":"红烧肉","keystatus":1,"urlstatus":1,"cityname":"天津","level":"info","timestamp":"2017-11-25T12:16:15.003Z"}
{"message":"我是测试数据","keyword":"红烧肉","keystatus":1,"urlstatus":1,"cityname":"天津","level":"info","timestamp":"2017-11-25T12:16:15.576Z"}
{"message":"我是测试数据","keyword":"红烧肉","keystatus":1,"urlstatus":1,"cityname":"天津","level":"info","timestamp":"2017-11-25T12:16:16.076Z"}
{"message":"我是测试数据","keyword":"红烧肉","keystatus":1,"urlstatus":1,"cityname":"天津","level":"info","timestamp":"2017-11-25T12:16:16.549Z"}
{"message":"我是测试数据","keyword":"红烧肉","keystatus":1,"urlstatus":1,"cityname":"天津","level":"info","timestamp":"2017-11-25T12:16:17.003Z"}
{"message":"我是测试数据","keyword":"红烧肉","keystatus":1,"urlstatus":1,"cityname":"天津","level":"info","timestamp":"2017-11-25T12:16:17.464Z"}
{"message":"我是测试数据","keyword":"红烧肉","keystatus":1,"urlstatus":1,"cityname":"天津","level":"info","timestamp":"2017-11-25T12:16:17.936Z"}
{"message":"我是测试数据","keyword":"红烧肉","keystatus":1,"urlstatus":1,"cityname":"天津","level":"info","timestamp":"2017-11-25T12:16:18.397Z"}
{"message":"我是测试数据","keyword":"红烧肉","keystatus":1,"urlstatus":1,"cityname":"天津","level":"info","timestamp":"2017-11-25T12:16:18.848Z"}
{"message":"我是测试数据","keyword":"红烧肉","keystatus":1,"urlstatus":1,"cityname":"天津","level":"info","timestamp":"2017-11-25T12:16:19.314Z"}
{"message":"我是测试数据","keyword":"红烧肉","keystatus":1,"urlstatus":1,"cityname":"石家庄","level":"info","timestamp":"2017-11-25T12:16:34.429Z"}
{"message":"我是测试数据","keyword":"红烧肉","keystatus":1,"urlstatus":1,"cityname":"石家庄","level":"info","timestamp":"2017-11-25T12:16:34.987Z"}
{"message":"我是测试数据","keyword":"红烧肉","keystatus":1,"urlstatus":1,"cityname":"石家庄","level":"info","timestamp":"2017-11-25T12:16:35.761Z"}
{"message":"我是测试数据","keyword":"红烧肉","keystatus":1,"urlstatus":1,"cityname":"石家庄","level":"info","timestamp":"2017-11-25T12:16:36.398Z"}
{"message":"我是测试数据","keyword":"红烧肉","keystatus":1,"urlstatus":1,"cityname":"石家庄","level":"info","timestamp":"2017-11-25T12:16:36.864Z"}
{"message":"我是测试数据","keyword":"红烧肉","keystatus":1,"urlstatus":1,"cityname":"石家庄","level":"info","timestamp":"2017-11-25T12:16:37.290Z"}
{"message":"我是测试数据","keyword":"红烧肉","keystatus":1,"urlstatus":1,"cityname":"石家庄","level":"info","timestamp":"2017-11-25T12:16:37.753Z"}
{"message":"我是测试数据","keyword":"红烧肉","keystatus":1,"urlstatus":1,"cityname":"石家庄","level":"info","timestamp":"2017-11-25T12:16:38.235Z"}
{"message":"我是测试数据","keyword":"孜然牛肉","keystatus":1,"urlstatus":1,"cityname":"西安","level":"info","timestamp":"2017-11-25T12:17:09.499Z"}
{"message":"我是测试数据","keyword":"孜然牛肉","keystatus":1,"urlstatus":1,"cityname":"西安","level":"info","timestamp":"2017-11-25T12:17:10.086Z"}
{"message":"我是测试数据","keyword":"孜然牛肉","keystatus":1,"urlstatus":1,"cityname":"西安","level":"info","timestamp":"2017-11-25T12:17:10.707Z"}
{"message":"我是测试数据","keyword":"孜然牛肉","keystatus":1,"urlstatus":1,"cityname":"西安","level":"info","timestamp":"2017-11-25T12:17:11.158Z"}
{"message":"我是测试数据","keyword":"孜然牛肉","keystatus":1,"urlstatus":1,"cityname":"西安","level":"info","timestamp":"2017-11-25T12:17:11.696Z"}
{"message":"我是测试数据","keyword":"孜然牛肉","keystatus":1,"urlstatus":1,"cityname":"太原","level":"info","timestamp":"2017-11-25T12:17:23.134Z"}
{"message":"我是测试数据","keyword":"孜然牛肉","keystatus":1,"urlstatus":1,"cityname":"太原","level":"info","timestamp":"2017-11-25T12:17:23.625Z"}
{"message":"我是测试数据","keyword":"孜然牛肉","keystatus":1,"urlstatus":1,"cityname":"太原","level":"info","timestamp":"2017-11-25T12:17:24.105Z"}
{"message":"我是测试数据","keyword":"孜然牛肉","keystatus":1,"urlstatus":1,"cityname":"太原","level":"info","timestamp":"2017-11-25T12:17:24.547Z"}
{"message":"我是测试数据","keyword":"孜然牛肉","keystatus":1,"urlstatus":1,"cityname":"太原","level":"info","timestamp":"2017-11-25T12:17:24.988Z"}
{"message":"我是测试数据","keyword":"孜然牛肉","keystatus":1,"urlstatus":1,"cityname":"太原","level":"info","timestamp":"2017-11-25T12:17:25.403Z"}
{"message":"我是测试数据","keyword":"白斩鸡","keystatus":1,"urlstatus":1,"cityname":"安庆","level":"info","timestamp":"2017-11-25T12:17:46.668Z"}
{"message":"我是测试数据","keyword":"白斩鸡","keystatus":1,"urlstatus":1,"cityname":"安庆","level":"info","timestamp":"2017-11-25T12:17:47.105Z"}
{"message":"我是测试数据","keyword":"白斩鸡","keystatus":1,"urlstatus":1,"cityname":"安庆","level":"info","timestamp":"2017-11-25T12:17:47.598Z"}
{"message":"我是测试数据","keyword":"白斩鸡","keystatus":1,"urlstatus":1,"cityname":"安庆","level":"info","timestamp":"2017-11-25T12:17:48.128Z"}
