{"message":"我是测试数据","keyword":"石锅鱼","cityname":"上海","level":"info","timestamp":"2017-11-25T08:36:49.513Z"}
{"message":"我是测试数据","keyword":"石锅鱼","cityname":"上海","level":"info","timestamp":"2017-11-25T08:36:52.790Z"}
{"message":"我是测试数据","keyword":"石锅鱼","cityname":"上海","level":"info","timestamp":"2017-11-25T08:36:54.336Z"}
{"message":"我是测试数据","keyword":"石锅鱼","cityname":"上海","level":"info","timestamp":"2017-11-25T08:36:56.234Z"}
{"message":"我是测试数据","keyword":"石锅鱼","cityname":"上海","level":"info","timestamp":"2017-11-25T08:36:57.471Z"}
{"message":"我是测试数据","keyword":"石锅鱼","cityname":"上海","level":"info","timestamp":"2017-11-25T08:36:58.547Z"}
{"message":"我是测试数据","keyword":"石锅鱼","cityname":"武汉","level":"info","timestamp":"2017-11-25T08:37:28.933Z"}
{"message":"我是测试数据","keyword":"石锅鱼","cityname":"武汉","level":"info","timestamp":"2017-11-25T08:37:29.916Z"}
{"message":"我是测试数据","keyword":"石锅鱼","cityname":"武汉","level":"info","timestamp":"2017-11-25T08:37:31.134Z"}
{"message":"我是测试数据","keyword":"石锅鱼","cityname":"北京","level":"info","timestamp":"2017-11-25T08:37:38.640Z"}
{"message":"我是测试数据","keyword":"石锅鱼","cityname":"北京","level":"info","timestamp":"2017-11-25T08:37:40.253Z"}
{"message":"我是测试数据","keyword":"石锅鱼","cityname":"北京","level":"info","timestamp":"2017-11-25T08:37:40.983Z"}
{"message":"我是测试数据","keyword":"石锅鱼","cityname":"北京","level":"info","timestamp":"2017-11-25T08:37:41.839Z"}
{"message":"我是测试数据","keyword":"石锅鱼","cityname":"北京","level":"info","timestamp":"2017-11-25T08:37:42.609Z"}
{"message":"我是测试数据","keyword":"烤鸭","cityname":"北京","level":"info","timestamp":"2017-11-25T08:38:05.045Z"}
{"message":"我是测试数据","keyword":"烤鸭","cityname":"北京","level":"info","timestamp":"2017-11-25T08:38:05.922Z"}
{"message":"我是测试数据","keyword":"烤鸭","cityname":"北京","level":"info","timestamp":"2017-11-25T08:38:06.683Z"}
{"message":"我是测试数据","keyword":"烤鸭","cityname":"北京","level":"info","timestamp":"2017-11-25T08:38:07.318Z"}
{"message":"我是测试数据","keyword":"烤鸭","cityname":"北京","level":"info","timestamp":"2017-11-25T08:38:07.958Z"}
{"message":"我是测试数据","keyword":"烤鸭","cityname":"北京","level":"info","timestamp":"2017-11-25T08:38:08.644Z"}
{"message":"我是测试数据","keyword":"烤鸭","cityname":"北京","level":"info","timestamp":"2017-11-25T08:38:09.331Z"}
{"message":"我是测试数据","keyword":"烤鸭","cityname":"北京","level":"info","timestamp":"2017-11-25T08:38:09.987Z"}
{"message":"我是测试数据","keyword":"烤鸭","cityname":"北京","level":"info","timestamp":"2017-11-25T08:38:10.974Z"}
{"message":"我是测试数据","keyword":"烤鸭","cityname":"北京","level":"info","timestamp":"2017-11-25T08:38:11.651Z"}
{"message":"我是测试数据","keyword":"烤鸭","cityname":"北京","level":"info","timestamp":"2017-11-25T08:38:12.305Z"}
{"message":"我是测试数据","keyword":"烤鸭","cityname":"北京","level":"info","timestamp":"2017-11-25T08:38:12.852Z"}
{"message":"我是测试数据","keyword":"烤鸭","cityname":"北京","level":"info","timestamp":"2017-11-25T08:38:13.422Z"}
{"message":"我是测试数据","keyword":"烤鸭","cityname":"北京","level":"info","timestamp":"2017-11-25T08:38:14.033Z"}
{"message":"我是测试数据","keyword":"烤鸭","cityname":"北京","level":"info","timestamp":"2017-11-25T08:38:14.568Z"}
{"message":"我是测试数据","keyword":"烤鸭","cityname":"北京","level":"info","timestamp":"2017-11-25T08:38:15.159Z"}
{"message":"我是测试数据","keyword":"烤鸭","cityname":"北京","level":"info","timestamp":"2017-11-25T08:38:15.746Z"}
{"message":"我是测试数据","keyword":"烤鸭","cityname":"深圳","level":"info","timestamp":"2017-11-25T08:38:25.236Z"}
{"message":"我是测试数据","keyword":"烤鸭","cityname":"深圳","level":"info","timestamp":"2017-11-25T08:38:25.776Z"}
{"message":"我是测试数据","keyword":"烤鸭","cityname":"深圳","level":"info","timestamp":"2017-11-25T08:38:26.344Z"}
{"message":"我是测试数据","keyword":"烤鸭","cityname":"深圳","level":"info","timestamp":"2017-11-25T08:38:26.840Z"}
{"message":"我是测试数据","keyword":"烤鸭","cityname":"深圳","level":"info","timestamp":"2017-11-25T08:38:27.329Z"}
{"message":"我是测试数据","keyword":"烤鸭","cityname":"深圳","level":"info","timestamp":"2017-11-25T08:38:27.840Z"}
{"message":"我是测试数据","keyword":"烤鸭","cityname":"深圳","level":"info","timestamp":"2017-11-25T08:38:28.416Z"}
{"message":"我是测试数据","keyword":"烤鸭","cityname":"深圳","level":"info","timestamp":"2017-11-25T08:38:28.891Z"}
{"message":"我是测试数据","keyword":"烤鸭","cityname":"深圳","level":"info","timestamp":"2017-11-25T08:38:29.393Z"}
{"message":"我是测试数据","keyword":"烤鸭","cityname":"深圳","level":"info","timestamp":"2017-11-25T08:38:29.912Z"}
{"message":"我是测试数据","keyword":"烤鸭","cityname":"南京","level":"info","timestamp":"2017-11-25T08:38:39.513Z"}
{"message":"我是测试数据","keyword":"烤鸭","cityname":"南京","level":"info","timestamp":"2017-11-25T08:38:40.354Z"}
{"message":"我是测试数据","keyword":"烤鸭","cityname":"南京","level":"info","timestamp":"2017-11-25T08:38:40.897Z"}
{"message":"我是测试数据","keyword":"烤鸭","cityname":"南京","level":"info","timestamp":"2017-11-25T08:38:42.134Z"}
