{"message":"我是测试数据","keyword":"红烧带鱼","cityname":"嵊泗","level":"info","timestamp":"2017-11-26T07:29:23.467Z"}
{"message":"我是测试数据","keyword":"红烧带鱼","cityname":"嵊泗","level":"info","timestamp":"2017-11-26T07:29:25.028Z"}
{"message":"我是测试数据","keyword":"红烧带鱼","cityname":"嵊泗","level":"info","timestamp":"2017-11-26T07:29:25.993Z"}
{"message":"我是测试数据","keyword":"大闸蟹","cityname":"苏州","level":"info","timestamp":"2017-11-26T07:30:07.537Z"}
{"message":"我是测试数据","keyword":"大闸蟹","cityname":"苏州","level":"info","timestamp":"2017-11-26T07:30:08.258Z"}
{"message":"我是测试数据","keyword":"大闸蟹","cityname":"苏州","level":"info","timestamp":"2017-11-26T07:30:08.898Z"}
{"message":"我是测试数据","keyword":"大闸蟹","cityname":"苏州","level":"info","timestamp":"2017-11-26T07:30:09.545Z"}
{"message":"我是测试数据","keyword":"大闸蟹","cityname":"苏州","level":"info","timestamp":"2017-11-26T07:30:10.064Z"}
{"message":"我是测试数据","keyword":"大闸蟹","cityname":"苏州","level":"info","timestamp":"2017-11-26T07:30:11.093Z"}
{"message":"我是测试数据","keyword":"大闸蟹","cityname":"杭州","level":"info","timestamp":"2017-11-26T07:30:19.663Z"}
{"message":"我是测试数据","keyword":"大闸蟹","cityname":"杭州","level":"info","timestamp":"2017-11-26T07:30:20.310Z"}
{"message":"我是测试数据","keyword":"大闸蟹","cityname":"杭州","level":"info","timestamp":"2017-11-26T07:30:20.957Z"}
{"message":"我是测试数据","keyword":"大闸蟹","cityname":"杭州","level":"info","timestamp":"2017-11-26T07:30:21.718Z"}
{"message":"我是测试数据","keyword":"大闸蟹","cityname":"杭州","level":"info","timestamp":"2017-11-26T07:30:22.420Z"}
{"message":"我是测试数据","keyword":"大闸蟹","cityname":"杭州","level":"info","timestamp":"2017-11-26T07:30:23.014Z"}
{"message":"我是测试数据","keyword":"大闸蟹","cityname":"宁波","level":"info","timestamp":"2017-11-26T07:30:33.435Z"}
{"message":"我是测试数据","keyword":"大闸蟹","cityname":"宁波","level":"info","timestamp":"2017-11-26T07:30:34.178Z"}
{"message":"我是测试数据","keyword":"大闸蟹","cityname":"宁波","level":"info","timestamp":"2017-11-26T07:30:34.756Z"}
{"message":"我是测试数据","keyword":"大闸蟹","cityname":"宁波","level":"info","timestamp":"2017-11-26T07:30:35.261Z"}
{"message":"我是测试数据","keyword":"大闸蟹","cityname":"宁波","level":"info","timestamp":"2017-11-26T07:30:35.778Z"}
{"message":"我是测试数据","keyword":"大闸蟹","cityname":"宁波","level":"info","timestamp":"2017-11-26T07:30:36.303Z"}
{"message":"我是测试数据","keyword":"大闸蟹","cityname":"宁波","level":"info","timestamp":"2017-11-26T07:30:36.822Z"}
{"message":"我是测试数据","keyword":"大闸蟹","cityname":"武汉","level":"info","timestamp":"2017-11-26T07:30:49.925Z"}
{"message":"我是测试数据","keyword":"大闸蟹","cityname":"武汉","level":"info","timestamp":"2017-11-26T07:30:50.539Z"}
{"message":"我是测试数据","keyword":"大闸蟹","cityname":"武汉","level":"info","timestamp":"2017-11-26T07:30:51.063Z"}
{"message":"我是测试数据","keyword":"大闸蟹","cityname":"武汉","level":"info","timestamp":"2017-11-26T07:30:51.558Z"}
{"message":"我是测试数据","keyword":"大闸蟹","cityname":"武汉","level":"info","timestamp":"2017-11-26T07:30:51.996Z"}
{"message":"我是测试数据","keyword":"梅菜扣肉","cityname":"杭州","level":"info","timestamp":"2017-11-25T12:19:22.426Z"}
{"message":"我是测试数据","keyword":"梅菜扣肉","cityname":"杭州","level":"info","timestamp":"2017-11-25T12:19:22.426Z"}