{"message":"我是测试数据","keyword":"梅菜扣肉","cityname":"杭州","level":"info","timestamp":"2017-11-25T12:19:22.426Z"}
{"message":"我是测试数据","keyword":"梅菜扣肉","cityname":"杭州","level":"info","timestamp":"2017-11-25T12:19:22.965Z"}
{"message":"我是测试数据","keyword":"梅菜扣肉","cityname":"杭州","level":"info","timestamp":"2017-11-25T12:19:23.431Z"}
{"message":"我是测试数据","keyword":"梅菜扣肉","cityname":"九江","level":"info","timestamp":"2017-11-25T12:19:38.544Z"}
{"message":"我是测试数据","keyword":"梅菜扣肉","cityname":"九江","level":"info","timestamp":"2017-11-25T12:19:38.975Z"}
{"message":"我是测试数据","keyword":"梅菜扣肉","cityname":"九江","level":"info","timestamp":"2017-11-25T12:19:39.509Z"}
{"message":"我是测试数据","keyword":"梅菜扣肉","cityname":"九江","level":"info","timestamp":"2017-11-25T12:19:40.023Z"}
{"message":"我是测试数据","keyword":"梅菜扣肉","cityname":"九江","level":"info","timestamp":"2017-11-25T12:19:40.519Z"}
{"message":"我是测试数据","keyword":"梅菜扣肉","cityname":"九江","level":"info","timestamp":"2017-11-25T12:19:41.010Z"}
{"message":"我是测试数据","keyword":"梅菜扣肉","cityname":"九江","level":"info","timestamp":"2017-11-25T12:19:41.498Z"}
{"message":"我是测试数据","keyword":"梅菜扣肉","cityname":"九江","level":"info","timestamp":"2017-11-25T12:19:41.968Z"}
{"message":"我是测试数据","keyword":"梅菜扣肉","cityname":"九江","level":"info","timestamp":"2017-11-25T12:19:42.446Z"}
{"message":"我是测试数据","keyword":"红烧带鱼","cityname":"温州","level":"info","timestamp":"2017-11-25T12:20:08.929Z"}
{"message":"我是测试数据","keyword":"红烧带鱼","cityname":"温州","level":"info","timestamp":"2017-11-25T12:20:09.682Z"}
{"message":"我是测试数据","keyword":"红烧带鱼","cityname":"温州","level":"info","timestamp":"2017-11-25T12:20:10.358Z"}
{"message":"我是测试数据","keyword":"红烧带鱼","cityname":"温州","level":"info","timestamp":"2017-11-25T12:20:10.983Z"}
{"message":"我是测试数据","keyword":"红烧带鱼","cityname":"温州","level":"info","timestamp":"2017-11-25T12:20:11.519Z"}
{"message":"我是测试数据","keyword":"红烧带鱼","cityname":"台州","level":"info","timestamp":"2017-11-25T12:20:17.863Z"}
{"message":"我是测试数据","keyword":"红烧带鱼","cityname":"台州","level":"info","timestamp":"2017-11-25T12:20:18.378Z"}
{"message":"我是测试数据","keyword":"红烧带鱼","cityname":"台州","level":"info","timestamp":"2017-11-25T12:20:18.883Z"}
{"message":"我是测试数据","keyword":"红烧带鱼","cityname":"台州","level":"info","timestamp":"2017-11-25T12:20:19.371Z"}
{"message":"我是测试数据","keyword":"红烧带鱼","cityname":"台州","level":"info","timestamp":"2017-11-25T12:20:19.839Z"}
{"message":"我是测试数据","keyword":"红烧带鱼","cityname":"台州","level":"info","timestamp":"2017-11-25T12:20:20.307Z"}
{"message":"我是测试数据","keyword":"红烧带鱼","cityname":"舟山","level":"info","timestamp":"2017-11-25T12:20:32.197Z"}
{"message":"我是测试数据","keyword":"红烧带鱼","cityname":"舟山","level":"info","timestamp":"2017-11-25T12:20:32.672Z"}
{"message":"我是测试数据","keyword":"红烧带鱼","cityname":"舟山","level":"info","timestamp":"2017-11-25T12:20:33.137Z"}
{"message":"我是测试数据","keyword":"红烧带鱼","cityname":"嵊泗","level":"info","timestamp":"2017-11-25T12:20:44.602Z"}
{"message":"我是测试数据","keyword":"红烧带鱼","cityname":"嵊泗","level":"info","timestamp":"2017-11-25T12:20:45.109Z"}
{"message":"我是测试数据","keyword":"红烧带鱼","cityname":"嵊泗","level":"info","timestamp":"2017-11-25T12:20:45.807Z"}
{"message":"我是测试数据","keyword":"红烧带鱼","cityname":"嵊泗","level":"info","timestamp":"2017-11-25T12:20:46.339Z"}
{"message":"我是测试数据","keyword":"红烧带鱼","cityname":"嵊泗","level":"info","timestamp":"2017-11-25T12:20:46.792Z"}
{"message":"我是测试数据","keyword":"红烧带鱼","cityname":"嵊泗","level":"info","timestamp":"2017-11-25T12:20:47.252Z"}
