{"message":"我是测试数据","keyword":"宫爆鸡丁","keystatus":1,"urlstatus":1,"cityname":"成都","level":"info","timestamp":"2017-11-27T03:08:18.511Z"}
{"message":"我是测试数据","keyword":"宫爆鸡丁","keystatus":1,"urlstatus":1,"cityname":"成都","level":"info","timestamp":"2017-11-27T03:08:20.313Z"}
{"message":"我是测试数据","keyword":"宫爆鸡丁","keystatus":1,"urlstatus":1,"cityname":"成都","level":"info","timestamp":"2017-11-27T03:08:21.304Z"}
{"message":"我是测试数据","keyword":"宫爆鸡丁","keystatus":1,"urlstatus":1,"cityname":"成都","level":"info","timestamp":"2017-11-27T03:08:22.291Z"}
{"message":"我是测试数据","keyword":"宫爆鸡丁","keystatus":1,"urlstatus":1,"cityname":"成都","level":"info","timestamp":"2017-11-27T03:08:22.939Z"}
{"message":"我是测试数据","keyword":"宫爆鸡丁","keystatus":1,"urlstatus":1,"cityname":"成都","level":"info","timestamp":"2017-11-27T03:08:24.221Z"}
{"message":"我是测试数据","keyword":"宫爆鸡丁","keystatus":1,"urlstatus":1,"cityname":"重庆","level":"info","timestamp":"2017-11-27T03:08:35.483Z"}
{"message":"我是测试数据","keyword":"宫爆鸡丁","keystatus":1,"urlstatus":1,"cityname":"重庆","level":"info","timestamp":"2017-11-27T03:08:36.141Z"}
{"message":"我是测试数据","keyword":"宫爆鸡丁","keystatus":1,"urlstatus":1,"cityname":"重庆","level":"info","timestamp":"2017-11-27T03:08:36.745Z"}
{"message":"我是测试数据","keyword":"宫爆鸡丁","keystatus":1,"urlstatus":1,"cityname":"重庆","level":"info","timestamp":"2017-11-27T03:08:37.301Z"}
{"message":"我是测试数据","keyword":"宫爆鸡丁","keystatus":1,"urlstatus":1,"cityname":"重庆","level":"info","timestamp":"2017-11-27T03:08:38.257Z"}
{"message":"我是测试数据","keyword":"宫爆鸡丁","keystatus":1,"urlstatus":1,"cityname":"都江堰","level":"info","timestamp":"2017-11-27T03:08:47.446Z"}
{"message":"我是测试数据","keyword":"宫爆鸡丁","keystatus":1,"urlstatus":1,"cityname":"都江堰","level":"info","timestamp":"2017-11-27T03:08:48.043Z"}
{"message":"我是测试数据","keyword":"宫爆鸡丁","keystatus":1,"urlstatus":1,"cityname":"都江堰","level":"info","timestamp":"2017-11-27T03:08:48.589Z"}
{"message":"我是测试数据","keyword":"宫爆鸡丁","keystatus":1,"urlstatus":1,"cityname":"都江堰","level":"info","timestamp":"2017-11-27T03:08:50.858Z"}
{"message":"我是测试数据","keyword":"麻婆豆腐","keystatus":1,"urlstatus":1,"cityname":"都江堰","level":"info","timestamp":"2017-11-27T03:09:00.907Z"}
{"message":"我是测试数据","keyword":"麻婆豆腐","keystatus":1,"urlstatus":1,"cityname":"都江堰","level":"info","timestamp":"2017-11-27T03:09:01.544Z"}
{"message":"我是测试数据","keyword":"麻婆豆腐","keystatus":1,"urlstatus":1,"cityname":"都江堰","level":"info","timestamp":"2017-11-27T03:09:02.173Z"}
{"message":"我是测试数据","keyword":"麻婆豆腐","keystatus":1,"urlstatus":1,"cityname":"都江堰","level":"info","timestamp":"2017-11-27T03:09:02.698Z"}
{"message":"我是测试数据","keyword":"麻婆豆腐","keystatus":1,"urlstatus":1,"cityname":"都江堰","level":"info","timestamp":"2017-11-27T03:09:03.257Z"}
{"message":"我是测试数据","keyword":"麻婆豆腐","keystatus":1,"urlstatus":1,"cityname":"都江堰","level":"info","timestamp":"2017-11-27T03:09:03.852Z"}
{"message":"我是测试数据","keyword":"麻婆豆腐","keystatus":1,"urlstatus":1,"cityname":"都江堰","level":"info","timestamp":"2017-11-27T03:09:04.418Z"}
{"message":"我是测试数据","keyword":"麻婆豆腐","keystatus":1,"urlstatus":1,"cityname":"成都","level":"info","timestamp":"2017-11-27T03:09:14.554Z"}
{"message":"我是测试数据","keyword":"麻婆豆腐","keystatus":1,"urlstatus":1,"cityname":"成都","level":"info","timestamp":"2017-11-27T03:09:15.115Z"}
{"message":"我是测试数据","keyword":"麻婆豆腐","keystatus":1,"urlstatus":1,"cityname":"成都","level":"info","timestamp":"2017-11-27T03:09:15.624Z"}
{"message":"我是测试数据","keyword":"麻婆豆腐","keystatus":1,"urlstatus":1,"cityname":"成都","level":"info","timestamp":"2017-11-27T03:09:16.143Z"}
{"message":"我是测试数据","keyword":"麻婆豆腐","keystatus":1,"urlstatus":1,"cityname":"成都","level":"info","timestamp":"2017-11-27T03:09:16.925Z"}
{"message":"我是测试数据","keyword":"麻婆豆腐","keystatus":1,"urlstatus":1,"cityname":"成都","level":"info","timestamp":"2017-11-27T03:09:17.464Z"}
{"message":"我是测试数据","keyword":"麻婆豆腐","keystatus":1,"urlstatus":1,"cityname":"成都","level":"info","timestamp":"2017-11-27T03:09:18.023Z"}
{"message":"我是测试数据","keyword":"麻婆豆腐","keystatus":1,"urlstatus":1,"cityname":"成都","level":"info","timestamp":"2017-11-27T03:09:18.601Z"}
{"message":"我是测试数据","keyword":"麻婆豆腐","keystatus":1,"urlstatus":1,"cityname":"成都","level":"info","timestamp":"2017-11-27T03:09:19.142Z"}
{"message":"我是测试数据","keyword":"麻婆豆腐","keystatus":1,"urlstatus":1,"cityname":"重庆","level":"info","timestamp":"2017-11-27T03:09:27.856Z"}
{"message":"我是测试数据","keyword":"麻婆豆腐","keystatus":1,"urlstatus":1,"cityname":"重庆","level":"info","timestamp":"2017-11-27T03:09:29.131Z"}
{"message":"我是测试数据","keyword":"麻婆豆腐","keystatus":1,"urlstatus":1,"cityname":"重庆","level":"info","timestamp":"2017-11-27T03:09:29.663Z"}
{"message":"我是测试数据","keyword":"麻婆豆腐","keystatus":1,"urlstatus":1,"cityname":"重庆","level":"info","timestamp":"2017-11-27T03:09:30.161Z"}
{"message":"我是测试数据","keyword":"麻婆豆腐","keystatus":1,"urlstatus":1,"cityname":"重庆","level":"info","timestamp":"2017-11-27T03:09:30.682Z"}
{"message":"我是测试数据","keyword":"麻婆豆腐","keystatus":1,"urlstatus":1,"cityname":"重庆","level":"info","timestamp":"2017-11-27T03:09:31.206Z"}
{"message":"我是测试数据","keyword":"麻婆豆腐","keystatus":1,"urlstatus":1,"cityname":"重庆","level":"info","timestamp":"2017-11-27T03:09:31.689Z"}
{"message":"我是测试数据","keyword":"麻婆豆腐","keystatus":1,"urlstatus":1,"cityname":"重庆","level":"info","timestamp":"2017-11-27T03:09:33.222Z"}
{"message":"我是测试数据","keyword":"麻婆豆腐","keystatus":1,"urlstatus":1,"cityname":"重庆","level":"info","timestamp":"2017-11-27T03:09:33.840Z"}
{"message":"我是测试数据","keyword":"麻婆豆腐","keystatus":1,"urlstatus":1,"cityname":"重庆","level":"info","timestamp":"2017-11-27T03:09:34.389Z"}
{"message":"我是测试数据","keyword":"麻婆豆腐","keystatus":1,"urlstatus":1,"cityname":"重庆","level":"info","timestamp":"2017-11-27T03:09:34.923Z"}

