{"message":"我是测试数据","keyword":"白斩鸡","keystatus":1,"urlstatus":1,"cityname":"安庆","level":"info","timestamp":"2017-11-25T12:17:59.648Z"}
{"message":"我是测试数据","keyword":"白斩鸡","keystatus":1,"urlstatus":1,"cityname":"安庆","level":"info","timestamp":"2017-11-25T12:18:00.204Z"}
{"message":"我是测试数据","keyword":"白斩鸡","keystatus":1,"urlstatus":1,"cityname":"安庆","level":"info","timestamp":"2017-11-25T12:18:00.729Z"}
{"message":"我是测试数据","keyword":"白斩鸡","keystatus":1,"urlstatus":1,"cityname":"湖州","level":"info","timestamp":"2017-11-25T12:18:11.043Z"}
{"message":"我是测试数据","keyword":"白斩鸡","keystatus":1,"urlstatus":1,"cityname":"湖州","level":"info","timestamp":"2017-11-25T12:18:11.592Z"}
{"message":"我是测试数据","keyword":"白斩鸡","keystatus":1,"urlstatus":1,"cityname":"湖州","level":"info","timestamp":"2017-11-25T12:18:12.107Z"}
{"message":"我是测试数据","keyword":"白斩鸡","keystatus":1,"urlstatus":1,"cityname":"湖州","level":"info","timestamp":"2017-11-25T12:18:12.592Z"}
{"message":"我是测试数据","keyword":"白斩鸡","keystatus":1,"urlstatus":1,"cityname":"湖州","level":"info","timestamp":"2017-11-25T12:18:13.056Z"}
{"message":"我是测试数据","keyword":"白斩鸡","keystatus":1,"urlstatus":1,"cityname":"湖州","level":"info","timestamp":"2017-11-25T12:18:13.573Z"}
{"message":"我是测试数据","keyword":"白斩鸡","keystatus":1,"urlstatus":1,"cityname":"湖州","level":"info","timestamp":"2017-11-25T12:18:14.102Z"}
{"message":"我是测试数据","keyword":"臭豆腐","keystatus":1,"urlstatus":1,"cityname":"苏州","level":"info","timestamp":"2017-11-25T12:18:24.626Z"}
{"message":"我是测试数据","keyword":"臭豆腐","keystatus":1,"urlstatus":1,"cityname":"苏州","level":"info","timestamp":"2017-11-25T12:18:25.146Z"}
{"message":"我是测试数据","keyword":"臭豆腐","keystatus":1,"urlstatus":1,"cityname":"苏州","level":"info","timestamp":"2017-11-25T12:18:25.654Z"}
{"message":"我是测试数据","keyword":"臭豆腐","keystatus":1,"urlstatus":1,"cityname":"绍兴","level":"info","timestamp":"2017-11-25T12:18:39.453Z"}
{"message":"我是测试数据","keyword":"臭豆腐","keystatus":1,"urlstatus":1,"cityname":"绍兴","level":"info","timestamp":"2017-11-25T12:18:39.924Z"}
{"message":"我是测试数据","keyword":"臭豆腐","keystatus":1,"urlstatus":1,"cityname":"绍兴","level":"info","timestamp":"2017-11-25T12:18:40.384Z"}
{"message":"我是测试数据","keyword":"臭豆腐","keystatus":1,"urlstatus":1,"cityname":"绍兴","level":"info","timestamp":"2017-11-25T12:18:40.858Z"}
{"message":"我是测试数据","keyword":"臭豆腐","keystatus":1,"urlstatus":1,"cityname":"绍兴","level":"info","timestamp":"2017-11-25T12:18:41.254Z"}
{"message":"我是测试数据","keyword":"臭豆腐","keystatus":1,"urlstatus":1,"cityname":"绍兴","level":"info","timestamp":"2017-11-25T12:18:42.891Z"}
{"message":"我是测试数据","keyword":"臭豆腐","keystatus":1,"urlstatus":1,"cityname":"绍兴","level":"info","timestamp":"2017-11-25T12:18:43.618Z"}
{"message":"我是测试数据","keyword":"臭豆腐","keystatus":1,"urlstatus":1,"cityname":"绍兴","level":"info","timestamp":"2017-11-25T12:18:44.180Z"}
{"message":"我是测试数据","keyword":"臭豆腐","keystatus":1,"urlstatus":1,"cityname":"绍兴","level":"info","timestamp":"2017-11-25T12:18:44.672Z"}
{"message":"我是测试数据","keyword":"臭豆腐","keystatus":1,"urlstatus":1,"cityname":"绍兴","level":"info","timestamp":"2017-11-25T12:18:45.773Z"}
{"message":"我是测试数据","keyword":"臭豆腐","keystatus":1,"urlstatus":1,"cityname":"绍兴","level":"info","timestamp":"2017-11-25T12:18:46.168Z"}
{"message":"我是测试数据","keyword":"臭豆腐","keystatus":1,"urlstatus":1,"cityname":"绍兴","level":"info","timestamp":"2017-11-25T12:18:46.542Z"}
{"message":"我是测试数据","keyword":"臭豆腐","keystatus":1,"urlstatus":1,"cityname":"绍兴","level":"info","timestamp":"2017-11-25T12:18:46.910Z"}
{"message":"我是测试数据","keyword":"臭豆腐","keystatus":1,"urlstatus":1,"cityname":"绍兴","level":"info","timestamp":"2017-11-25T12:18:47.273Z"}
{"message":"我是测试数据","keyword":"臭豆腐","keystatus":1,"urlstatus":1,"cityname":"绍兴","level":"info","timestamp":"2017-11-25T12:18:47.647Z"}
{"message":"我是测试数据","keyword":"臭豆腐","keystatus":1,"urlstatus":1,"cityname":"绍兴","level":"info","timestamp":"2017-11-25T12:18:48.021Z"}
{"message":"我是测试数据","keyword":"臭豆腐","keystatus":1,"urlstatus":1,"cityname":"绍兴","level":"info","timestamp":"2017-11-25T12:18:48.390Z"}
{"message":"我是测试数据","keyword":"臭豆腐","keystatus":1,"urlstatus":1,"cityname":"绍兴","level":"info","timestamp":"2017-11-25T12:18:48.760Z"}
{"message":"我是测试数据","keyword":"臭豆腐","keystatus":1,"urlstatus":1,"cityname":"绍兴","level":"info","timestamp":"2017-11-25T12:18:49.124Z"}
{"message":"我是测试数据","keyword":"臭豆腐","keystatus":1,"urlstatus":1,"cityname":"绍兴","level":"info","timestamp":"2017-11-25T12:18:49.492Z"}
{"message":"我是测试数据","keyword":"臭豆腐","keystatus":1,"urlstatus":1,"cityname":"绍兴","level":"info","timestamp":"2017-11-25T12:18:49.860Z"}
{"message":"我是测试数据","keyword":"臭豆腐","keystatus":1,"urlstatus":1,"cityname":"绍兴","level":"info","timestamp":"2017-11-25T12:18:50.233Z"}
{"message":"我是测试数据","keyword":"臭豆腐","keystatus":1,"urlstatus":1,"cityname":"杭州","level":"info","timestamp":"2017-11-25T12:18:59.821Z"}
{"message":"我是测试数据","keyword":"臭豆腐","keystatus":1,"urlstatus":1,"cityname":"杭州","level":"info","timestamp":"2017-11-25T12:19:00.368Z"}
{"message":"我是测试数据","keyword":"臭豆腐","keystatus":1,"urlstatus":1,"cityname":"杭州","level":"info","timestamp":"2017-11-25T12:19:00.846Z"}
{"message":"我是测试数据","keyword":"臭豆腐","keystatus":1,"urlstatus":1,"cityname":"杭州","level":"info","timestamp":"2017-11-25T12:19:01.303Z"}
{"message":"我是测试数据","keyword":"臭豆腐","keystatus":1,"urlstatus":1,"cityname":"杭州","level":"info","timestamp":"2017-11-25T12:19:01.805Z"}
{"message":"我是测试数据","keyword":"臭豆腐","keystatus":1,"urlstatus":1,"cityname":"杭州","level":"info","timestamp":"2017-11-25T12:19:02.275Z"}
{"message":"我是测试数据","keyword":"臭豆腐","keystatus":1,"urlstatus":1,"cityname":"杭州","level":"info","timestamp":"2017-11-25T12:19:02.753Z"}
{"message":"我是测试数据","keyword":"梅菜扣肉","keystatus":1,"urlstatus":1,"cityname":"杭州","level":"info","timestamp":"2017-11-25T12:19:14.822Z"}
{"message":"我是测试数据","keyword":"梅菜扣肉","keystatus":1,"urlstatus":1,"cityname":"杭州","level":"info","timestamp":"2017-11-25T12:19:15.858Z"}
