{"message":"我是测试数据","keyword":"毛血旺","cityname":"大连","level":"info","timestamp":"2017-11-25T12:12:47.899Z"}
{"message":"我是测试数据","keyword":"毛血旺","cityname":"大连","level":"info","timestamp":"2017-11-25T12:12:48.502Z"}
{"message":"我是测试数据","keyword":"毛血旺","cityname":"大连","level":"info","timestamp":"2017-11-25T12:12:49.036Z"}
{"message":"我是测试数据","keyword":"毛血旺","cityname":"大连","level":"info","timestamp":"2017-11-25T12:12:49.534Z"}
{"message":"我是测试数据","keyword":"毛血旺","cityname":"大连","level":"info","timestamp":"2017-11-25T12:12:49.985Z"}
{"message":"我是测试数据","keyword":"毛血旺","cityname":"青岛","level":"info","timestamp":"2017-11-25T12:12:57.014Z"}
{"message":"我是测试数据","keyword":"毛血旺","cityname":"青岛","level":"info","timestamp":"2017-11-25T12:12:57.507Z"}
{"message":"我是测试数据","keyword":"毛血旺","cityname":"青岛","level":"info","timestamp":"2017-11-25T12:12:58.162Z"}
{"message":"我是测试数据","keyword":"毛血旺","cityname":"青岛","level":"info","timestamp":"2017-11-25T12:12:58.724Z"}
{"message":"我是测试数据","keyword":"毛血旺","cityname":"青岛","level":"info","timestamp":"2017-11-25T12:12:59.219Z"}
{"message":"我是测试数据","keyword":"毛血旺","cityname":"哈尔滨","level":"info","timestamp":"2017-11-25T12:13:10.934Z"}
{"message":"我是测试数据","keyword":"毛血旺","cityname":"哈尔滨","level":"info","timestamp":"2017-11-25T12:13:11.456Z"}
{"message":"我是测试数据","keyword":"毛血旺","cityname":"哈尔滨","level":"info","timestamp":"2017-11-25T12:13:11.965Z"}
{"message":"我是测试数据","keyword":"毛血旺","cityname":"哈尔滨","level":"info","timestamp":"2017-11-25T12:13:12.397Z"}
{"message":"我是测试数据","keyword":"毛血旺","cityname":"哈尔滨","level":"info","timestamp":"2017-11-25T12:13:12.891Z"}
{"message":"我是测试数据","keyword":"白灼虾","cityname":"宁波","level":"info","timestamp":"2017-11-25T12:14:18.957Z"}
{"message":"我是测试数据","keyword":"白灼虾","cityname":"宁波","level":"info","timestamp":"2017-11-25T12:14:19.518Z"}
{"message":"我是测试数据","keyword":"白灼虾","cityname":"宁波","level":"info","timestamp":"2017-11-25T12:14:20.061Z"}
{"message":"我是测试数据","keyword":"白灼虾","cityname":"宁波","level":"info","timestamp":"2017-11-25T12:14:20.553Z"}
{"message":"我是测试数据","keyword":"白灼虾","cityname":"宁波","level":"info","timestamp":"2017-11-25T12:14:21.041Z"}
{"message":"我是测试数据","keyword":"白灼虾","cityname":"湛江","level":"info","timestamp":"2017-11-25T12:14:27.535Z"}
{"message":"我是测试数据","keyword":"白灼虾","cityname":"湛江","level":"info","timestamp":"2017-11-25T12:14:27.983Z"}
{"message":"我是测试数据","keyword":"白灼虾","cityname":"湛江","level":"info","timestamp":"2017-11-25T12:14:28.456Z"}
{"message":"我是测试数据","keyword":"白灼虾","cityname":"湛江","level":"info","timestamp":"2017-11-25T12:14:28.890Z"}
{"message":"我是测试数据","keyword":"白灼虾","cityname":"湛江","level":"info","timestamp":"2017-11-25T12:14:29.314Z"}
{"message":"我是测试数据","keyword":"白灼虾","cityname":"湛江","level":"info","timestamp":"2017-11-25T12:14:29.758Z"}
{"message":"我是测试数据","keyword":"白灼虾","cityname":"湛江","level":"info","timestamp":"2017-11-25T12:14:30.154Z"}
